# JRE version: OpenJDK Runtime Environment (7.0_55-b14) (build 1.7.0_55-b14)
# Java VM: OpenJDK 64-Bit Server VM (24.51-b03 mixed mode linux-amd64 compressed oops)
Heap
 PSYoungGen      total 141824K, used 0K [0x00000000ebd00000, 0x00000000f6680000, 0x0000000100000000)
  eden space 138752K, 0% used [0x00000000ebd00000,0x00000000ebd00000,0x00000000f4480000)
  from space 3072K, 0% used [0x00000000f4480000,0x00000000f4480000,0x00000000f4780000)
  to   space 3072K, 0% used [0x00000000f6380000,0x00000000f6380000,0x00000000f6680000)
 ParOldGen       total 285696K, used 132634K [0x00000000c3800000, 0x00000000d4f00000, 0x00000000ebd00000)
  object space 285696K, 46% used [0x00000000c3800000,0x00000000cb986a88,0x00000000d4f00000)
 PSPermGen       total 21504K, used 2864K [0x00000000b9200000, 0x00000000ba700000, 0x00000000c3800000)
  object space 21504K, 13% used [0x00000000b9200000,0x00000000b94cc360,0x00000000ba700000)
GC Heap History (10 events):
Event: 6.890 GC heap after
Heap after GC invocations=16 (full 4):
 PSYoungGen      total 130048K, used 178K [0x00000000ebd00000, 0x00000000f4700000, 0x0000000100000000)
  eden space 126464K, 0% used [0x00000000ebd00000,0x00000000ebd00000,0x00000000f3880000)
  from space 3584K, 4% used [0x00000000f3c00000,0x00000000f3c2cbb0,0x00000000f3f80000)
  to   space 3584K, 0% used [0x00000000f3880000,0x00000000f3880000,0x00000000f3c00000)
 ParOldGen       total 206848K, used 136574K [0x00000000c3800000, 0x00000000d0200000, 0x00000000ebd00000)
  object space 206848K, 66% used [0x00000000c3800000,0x00000000cbd5f848,0x00000000d0200000)
 PSPermGen       total 21504K, used 2864K [0x00000000b9200000, 0x00000000ba700000, 0x00000000c3800000)
  object space 21504K, 13% used [0x00000000b9200000,0x00000000b94cc030,0x00000000ba700000)
}
Event: 7.487 GC heap before
{Heap before GC invocations=17 (full 4):
 PSYoungGen      total 130048K, used 126595K [0x00000000ebd00000, 0x00000000f4700000, 0x0000000100000000)
  eden space 126464K, 99% used [0x00000000ebd00000,0x00000000f3874320,0x00000000f3880000)
  from space 3584K, 4% used [0x00000000f3c00000,0x00000000f3c2cbb0,0x00000000f3f80000)
  to   space 3584K, 0% used [0x00000000f3880000,0x00000000f3880000,0x00000000f3c00000)
 ParOldGen       total 206848K, used 136574K [0x00000000c3800000, 0x00000000d0200000, 0x00000000ebd00000)
  object space 206848K, 66% used [0x00000000c3800000,0x00000000cbd5f848,0x00000000d0200000)
 PSPermGen       total 21504K, used 2864K [0x00000000b9200000, 0x00000000ba700000, 0x00000000c3800000)
  object space 21504K, 13% used [0x00000000b9200000,0x00000000b94cc030,0x00000000ba700000)
Event: 7.564 GC heap after
Heap after GC invocations=17 (full 4):
 PSYoungGen      total 130048K, used 215K [0x00000000ebd00000, 0x00000000f4d80000, 0x0000000100000000)
  eden space 126464K, 0% used [0x00000000ebd00000,0x00000000ebd00000,0x00000000f3880000)
  from space 3584K, 6% used [0x00000000f3880000,0x00000000f38b5e28,0x00000000f3c00000)
  to   space 3584K, 0% used [0x00000000f4a00000,0x00000000f4a00000,0x00000000f4d80000)
 ParOldGen       total 206848K, used 160610K [0x00000000c3800000, 0x00000000d0200000, 0x00000000ebd00000)
  object space 206848K, 77% used [0x00000000c3800000,0x00000000cd4d8b38,0x00000000d0200000)
 PSPermGen       total 21504K, used 2864K [0x00000000b9200000, 0x00000000ba700000, 0x00000000c3800000)
  object space 21504K, 13% used [0x00000000b9200000,0x00000000b94cc030,0x00000000ba700000)
}
Event: 7.564 GC heap before
{Heap before GC invocations=18 (full 5):
 PSYoungGen      total 130048K, used 215K [0x00000000ebd00000, 0x00000000f4d80000, 0x0000000100000000)
  eden space 126464K, 0% used [0x00000000ebd00000,0x00000000ebd00000,0x00000000f3880000)
  from space 3584K, 6% used [0x00000000f3880000,0x00000000f38b5e28,0x00000000f3c00000)
  to   space 3584K, 0% used [0x00000000f4a00000,0x00000000f4a00000,0x00000000f4d80000)
 ParOldGen       total 206848K, used 160610K [0x00000000c3800000, 0x00000000d0200000, 0x00000000ebd00000)
  object space 206848K, 77% used [0x00000000c3800000,0x00000000cd4d8b38,0x00000000d0200000)
 PSPermGen       total 21504K, used 2864K [0x00000000b9200000, 0x00000000ba700000, 0x00000000c3800000)
  object space 21504K, 13% used [0x00000000b9200000,0x00000000b94cc030,0x00000000ba700000)
Event: 8.856 GC heap after
Heap after GC invocations=18 (full 5):
 PSYoungGen      total 130048K, used 0K [0x00000000ebd00000, 0x00000000f4d80000, 0x0000000100000000)
  eden space 126464K, 0% used [0x00000000ebd00000,0x00000000ebd00000,0x00000000f3880000)
  from space 3584K, 0% used [0x00000000f3880000,0x00000000f3880000,0x00000000f3c00000)
  to   space 3584K, 0% used [0x00000000f4a00000,0x00000000f4a00000,0x00000000f4d80000)
 ParOldGen       total 285696K, used 96563K [0x00000000c3800000, 0x00000000d4f00000, 0x00000000ebd00000)
  object space 285696K, 33% used [0x00000000c3800000,0x00000000c964cd30,0x00000000d4f00000)
 PSPermGen       total 21504K, used 2864K [0x00000000b9200000, 0x00000000ba700000, 0x00000000c3800000)
  object space 21504K, 13% used [0x00000000b9200000,0x00000000b94cc030,0x00000000ba700000)
}
Event: 9.478 GC heap before
{Heap before GC invocations=19 (full 5):
 PSYoungGen      total 130048K, used 102109K [0x00000000ebd00000, 0x00000000f4d80000, 0x0000000100000000)
  eden space 126464K, 80% used [0x00000000ebd00000,0x00000000f20b7708,0x00000000f3880000)
  from space 3584K, 0% used [0x00000000f3880000,0x00000000f3880000,0x00000000f3c00000)
  to   space 3584K, 0% used [0x00000000f4a00000,0x00000000f4a00000,0x00000000f4d80000)
 ParOldGen       total 285696K, used 96563K [0x00000000c3800000, 0x00000000d4f00000, 0x00000000ebd00000)
  object space 285696K, 33% used [0x00000000c3800000,0x00000000c964cd30,0x00000000d4f00000)
 PSPermGen       total 21504K, used 2864K [0x00000000b9200000, 0x00000000ba700000, 0x00000000c3800000)
  object space 21504K, 13% used [0x00000000b9200000,0x00000000b94cc360,0x00000000ba700000)
Event: 9.533 GC heap after
Heap after GC invocations=19 (full 5):
 PSYoungGen      total 138752K, used 48K [0x00000000ebd00000, 0x00000000f4a80000, 0x0000000100000000)
  eden space 138240K, 0% used [0x00000000ebd00000,0x00000000ebd00000,0x00000000f4400000)
  from space 512K, 9% used [0x00000000f4a00000,0x00000000f4a0c120,0x00000000f4a80000)
  to   space 3072K, 0% used [0x00000000f4480000,0x00000000f4480000,0x00000000f4780000)
 ParOldGen       total 285696K, used 96563K [0x00000000c3800000, 0x00000000d4f00000, 0x00000000ebd00000)
  object space 285696K, 33% used [0x00000000c3800000,0x00000000c964cd30,0x00000000d4f00000)
 PSPermGen       total 21504K, used 2864K [0x00000000b9200000, 0x00000000ba700000, 0x00000000c3800000)
  object space 21504K, 13% used [0x00000000b9200000,0x00000000b94cc360,0x00000000ba700000)
}
Event: 9.590 GC heap before
{Heap before GC invocations=20 (full 5):
 PSYoungGen      total 138752K, used 110327K [0x00000000ebd00000, 0x00000000f4a80000, 0x0000000100000000)
  eden space 138240K, 79% used [0x00000000ebd00000,0x00000000f28b1c10,0x00000000f4400000)
  from space 512K, 9% used [0x00000000f4a00000,0x00000000f4a0c120,0x00000000f4a80000)
  to   space 3072K, 0% used [0x00000000f4480000,0x00000000f4480000,0x00000000f4780000)
 ParOldGen       total 285696K, used 96563K [0x00000000c3800000, 0x00000000d4f00000, 0x00000000ebd00000)
  object space 285696K, 33% used [0x00000000c3800000,0x00000000c964cd30,0x00000000d4f00000)
 PSPermGen       total 21504K, used 2864K [0x00000000b9200000, 0x00000000ba700000, 0x00000000c3800000)
  object space 21504K, 13% used [0x00000000b9200000,0x00000000b94cc360,0x00000000ba700000)
Event: 9.758 GC heap after
Heap after GC invocations=20 (full 5):
 PSYoungGen      total 141824K, used 48K [0x00000000ebd00000, 0x00000000f6680000, 0x0000000100000000)
  eden space 138752K, 0% used [0x00000000ebd00000,0x00000000ebd00000,0x00000000f4480000)
  from space 3072K, 1% used [0x00000000f4480000,0x00000000f448c120,0x00000000f4780000)
  to   space 3072K, 0% used [0x00000000f6380000,0x00000000f6380000,0x00000000f6680000)
 ParOldGen       total 285696K, used 204728K [0x00000000c3800000, 0x00000000d4f00000, 0x00000000ebd00000)
  object space 285696K, 71% used [0x00000000c3800000,0x00000000cffee250,0x00000000d4f00000)
 PSPermGen       total 21504K, used 2864K [0x00000000b9200000, 0x00000000ba700000, 0x00000000c3800000)
  object space 21504K, 13% used [0x00000000b9200000,0x00000000b94cc360,0x00000000ba700000)
}
Event: 9.758 GC heap before
{Heap before GC invocations=21 (full 6):
 PSYoungGen      total 141824K, used 48K [0x00000000ebd00000, 0x00000000f6680000, 0x0000000100000000)
  eden space 138752K, 0% used [0x00000000ebd00000,0x00000000ebd00000,0x00000000f4480000)
  from space 3072K, 1% used [0x00000000f4480000,0x00000000f448c120,0x00000000f4780000)
  to   space 3072K, 0% used [0x00000000f6380000,0x00000000f6380000,0x00000000f6680000)
 ParOldGen       total 285696K, used 204728K [0x00000000c3800000, 0x00000000d4f00000, 0x00000000ebd00000)
  object space 285696K, 71% used [0x00000000c3800000,0x00000000cffee250,0x00000000d4f00000)
 PSPermGen       total 21504K, used 2864K [0x00000000b9200000, 0x00000000ba700000, 0x00000000c3800000)
  object space 21504K, 13% used [0x00000000b9200000,0x00000000b94cc360,0x00000000ba700000)

